INFO : 2022-08-09 09:31:04,455 : Главная страница запрошена
INFO : 2022-08-09 09:35:31,846 : /api/posts/<int:post_id> 3
DEBUG : 2022-08-09 09:38:46,535 : Ошибочный запрос
DEBUG : 2022-08-09 09:52:43,042 : Ошибочный запрос
DEBUG : 2022-08-09 09:59:24,423 : Ошибочный запрос
DEBUG : 2022-08-09 09:59:59,797 : Ошибочный запрос
INFO : 2022-08-09 10:02:36,105 : /api/posts/3
DEBUG : 2022-08-09 10:03:11,901 : Ошибочный запрос
INFO : 2022-08-09 10:06:33,873 : /api/posts/3
INFO : 2022-08-09 10:07:47,352 : /api/posts/10
INFO : 2022-08-09 10:08:48,997 : /api/posts/30
DEBUG : 2022-08-09 10:10:14,884 : Ошибочный запрос
INFO : 2022-08-09 10:13:32,869 : /api/posts/3
INFO : 2022-08-09 10:13:45,011 : /api/posts/v
INFO : 2022-08-09 10:22:37,910 : /api/posts/d
INFO : 2022-08-09 10:23:32,625 : /api/posts/7
DEBUG : 2022-08-09 22:52:40,385 : Ошибочный запрос
DEBUG : 2022-08-09 22:56:28,906 : Ошибочный запрос
DEBUG : 2022-08-10 22:17:50,040 : Ошибочный запрос
DEBUG : 2022-08-10 22:48:56,881 : Ошибочный запрос
DEBUG : 2022-08-10 23:09:05,539 : Ошибочный запрос
DEBUG : 2022-08-10 23:18:54,388 : Ошибочный запрос
DEBUG : 2022-08-11 15:30:18,750 : Ошибочный запрос
DEBUG : 2022-08-11 16:15:38,836 : Ошибочный запрос
DEBUG : 2022-08-11 16:16:58,226 : Ошибочный запрос
INFO : 2022-08-11 16:51:17,541 : /api/posts
INFO : 2022-08-11 16:59:41,055 : /api/posts
INFO : 2022-08-11 17:02:15,278 : /api/posts
INFO : 2022-08-11 17:03:09,945 : /api/posts
INFO : 2022-08-11 17:08:47,281 : /api/posts
INFO : 2022-08-11 17:09:50,552 : /api/posts
INFO : 2022-08-11 17:10:41,382 : /api/posts
INFO : 2022-08-11 17:11:08,743 : /api/posts
INFO : 2022-08-11 17:12:00,274 : /api/posts
INFO : 2022-08-11 17:13:40,659 : /api/posts
INFO : 2022-08-11 17:13:54,297 : /api/posts
INFO : 2022-08-11 17:14:57,041 : /api/posts
DEBUG : 2022-08-11 17:32:13,900 : Ошибочный запрос
INFO : 2022-08-11 17:32:52,209 : /api/posts
INFO : 2022-08-11 17:33:37,814 : /api/posts
INFO : 2022-08-11 17:35:39,807 : /api/posts/<post_id>
INFO : 2022-08-11 17:36:56,956 : /api/posts/3
INFO : 2022-08-11 17:38:03,146 : /api/posts/3
INFO : 2022-08-11 17:38:37,018 : /api/posts/3
INFO : 2022-08-11 17:39:53,847 : /api/posts/3
INFO : 2022-08-11 17:40:52,714 : /api/posts/3
INFO : 2022-08-11 17:41:38,614 : /api/posts/3
INFO : 2022-08-11 17:42:26,529 : /api/posts
INFO : 2022-08-11 17:42:56,639 : /api/posts
DEBUG : 2022-08-12 08:44:38,207 : Ошибочный запрос
DEBUG : 2022-08-12 09:00:48,319 : Ошибочный запрос
DEBUG : 2022-08-12 09:16:16,174 : Ошибочный запрос
DEBUG : 2022-08-12 09:37:23,735 : Ошибочный запрос
DEBUG : 2022-08-12 10:00:23,155 : Ошибочный запрос
INFO : 2022-08-12 10:08:03,167 : /api/posts
INFO : 2022-08-12 10:08:53,241 : /api/posts
INFO : 2022-08-12 10:10:00,907 : /api/posts
INFO : 2022-08-12 10:10:58,438 : /api/posts
INFO : 2022-08-12 10:11:12,585 : /api/posts
INFO : 2022-08-12 10:11:27,797 : /api/posts
DEBUG : 2022-08-12 20:45:52,859 : Ошибочный запрос
INFO : 2022-08-12 20:45:57,009 : /api/posts/d
DEBUG : 2022-08-12 20:50:29,206 : Ошибочный запрос
DEBUG : 2022-08-12 20:50:36,431 : Ошибочный запрос
DEBUG : 2022-08-12 21:08:14,742 : Ошибочный запрос
DEBUG : 2022-08-12 22:28:56,776 : Ошибочный запрос
DEBUG : 2022-08-12 22:34:06,404 : Ошибочный запрос
DEBUG : 2022-08-12 22:50:25,435 : Ошибочный запрос
DEBUG : 2022-08-12 22:54:08,931 : Ошибочный запрос
DEBUG : 2022-08-12 23:01:14,006 : Ошибочный запрос
DEBUG : 2022-08-12 23:02:11,066 : Ошибочный запрос
DEBUG : 2022-08-12 23:33:24,057 : Ошибочный запрос
INFO : 2022-08-14 15:52:40,422 : /api/posts
INFO : 2022-08-14 15:53:06,048 : /api/posts
INFO : 2022-08-14 15:53:22,690 : /api/posts
INFO : 2022-08-14 15:53:52,882 : /api/posts
INFO : 2022-08-14 15:54:16,038 : /api/posts
INFO : 2022-08-14 15:58:44,632 : /api/posts/3
INFO : 2022-08-14 15:59:24,371 : /api/posts/1
INFO : 2022-08-14 16:00:03,039 : /api/posts/1
INFO : 2022-08-14 16:01:07,576 : /api/posts/1
INFO : 2022-08-14 16:01:26,437 : /api/posts/1
INFO : 2022-08-14 16:02:12,346 : /api/posts/1
INFO : 2022-08-14 16:02:26,421 : /api/posts/1
INFO : 2022-08-14 16:03:02,311 : /api/posts
INFO : 2022-08-14 16:04:18,633 : /api/posts
DEBUG : 2022-08-14 16:05:50,347 : Ошибочный запрос
DEBUG : 2022-08-14 17:39:18,460 : Ошибочный запрос
DEBUG : 2022-08-14 17:39:23,877 : Ошибочный запрос
DEBUG : 2022-08-14 19:45:14,968 : Ошибочный запрос
DEBUG : 2022-08-14 23:05:04,512 : Ошибочный запрос
DEBUG : 2022-08-14 23:11:11,622 : Ошибочный запрос
DEBUG : 2022-08-15 21:16:39,609 : Ошибочный запрос
DEBUG : 2022-08-15 21:34:27,700 : Ошибочный запрос
DEBUG : 2022-08-15 21:36:45,264 : Ошибочный запрос
DEBUG : 2022-08-15 21:38:36,143 : Ошибочный запрос
DEBUG : 2022-08-15 22:41:59,402 : Ошибочный запрос
DEBUG : 2022-08-16 08:32:55,666 : Ошибочный запрос
DEBUG : 2022-08-16 09:32:39,776 : Ошибочный запрос
DEBUG : 2022-08-16 09:37:16,242 : Ошибочный запрос
DEBUG : 2022-08-16 09:41:48,719 : Ошибочный запрос
DEBUG : 2022-08-16 19:22:41,848 : Ошибочный запрос
DEBUG : 2022-08-16 19:22:48,011 : Ошибочный запрос
DEBUG : 2022-08-16 19:26:02,778 : Ошибочный запрос
DEBUG : 2022-08-16 19:26:52,573 : Ошибочный запрос
DEBUG : 2022-08-16 19:35:18,745 : Ошибочный запрос
DEBUG : 2022-08-16 19:51:49,282 : Ошибочный запрос
